<?xml version="1.0" encoding="UTF-8"?>
<!-- Generated by org.testng.reporters.JUnitReportReporter -->
<testsuite hostname="LAPTOP-JA37TN5O" failures="0" tests="2" name="neoStoxTestClasses.ValidatingUserNameUsingListener" time="18.505" errors="0" timestamp="2023-02-23T15:26:07 IST" skipped="0">
  <testcase classname="neoStoxTestClasses.ValidatingUserNameUsingListener" name="validateACCOUNTBALANCE" time="7.726"/>
  <system-out>
    <![CDATA[getting ACbalance
ACblance is Rs.4,99,993.74
tc validateACCOUNTBALANCE passed ]]>
  </system-out>
  <testcase classname="neoStoxTestClasses.ValidatingUserNameUsingListener" name="validateUSERNAME" time="10.779"/>
  <system-out>
    <![CDATA[geting actual username 
actual name is Hi Ankit Godwe
waiting for 1000ms
tc validateUSERNAME passed ]]>
  </system-out>
</testsuite> <!-- neoStoxTestClasses.ValidatingUserNameUsingListener -->
